<?xml version="1.0" encoding="UTF-8"?>
<!-- Generated by org.testng.reporters.JUnitReportReporter -->
<testsuite hostname="DESKTOP-HPNOI30" failures="0" tests="4" name="com.mbm.testcases.OrangeHRMTests" time="150.121" errors="0" timestamp="2023-08-07T03:46:15 IST" skipped="0">
  <testcase classname="com.mbm.testcases.OrangeHRMTests" name="logoutTest" time="57.320"/>
  <system-out/>
  <testcase classname="com.mbm.testcases.OrangeHRMTests" name="logoutTest" time="38.644"/>
  <system-out/>
  <testcase classname="com.mbm.testcases.OrangeHRMTests" name="loginTest" time="25.483"/>
  <system-out/>
  <testcase classname="com.mbm.testcases.OrangeHRMTests" name="loginTest" time="28.674"/>
  <system-out/>
</testsuite> <!-- com.mbm.testcases.OrangeHRMTests -->
