<?xml version="1.0" encoding="UTF-8"?>
<!-- Generated by org.testng.reporters.JUnitReportReporter -->
<testsuite hostname="DESKTOP-HPNOI30" failures="0" tests="1" name="com.mbm.testcases.HomepageTest" time="29.633" errors="0" timestamp="2023-08-01T21:39:14 IST" skipped="0">
  <testcase classname="com.mbm.testcases.HomepageTest" name="test3" time="29.633"/>
  <system-out/>
</testsuite> <!-- com.mbm.testcases.HomepageTest -->
