<?xml version="1.0" encoding="UTF-8"?>
<!-- Generated by org.testng.reporters.JUnitReportReporter -->
<testsuite hostname="DESKTOP-HPNOI30" failures="0" tests="2" name="com.mbm.testcases.AmazonDemoTest" time="212.480" errors="0" timestamp="2023-08-09T12:23:02 IST" skipped="0">
  <testcase classname="com.mbm.testcases.AmazonDemoTest" name="amazonTestMobiles" time="106.289"/>
  <system-out/>
  <testcase classname="com.mbm.testcases.AmazonDemoTest" name="amazonTestLaptops" time="106.191"/>
  <system-out/>
</testsuite> <!-- com.mbm.testcases.AmazonDemoTest -->
