<?xml version="1.0" encoding="UTF-8"?>
<!-- Generated by org.testng.reporters.JUnitReportReporter -->
<testsuite hostname="DESKTOP-HPNOI30" failures="0" tests="2" name="com.mbm.testcases.AmazonDemoTest" time="209.531" errors="0" timestamp="2023-08-09T04:09:33 IST" skipped="0">
  <testcase classname="com.mbm.testcases.AmazonDemoTest" name="amazonTestMobiles" time="64.243"/>
  <system-out/>
  <testcase classname="com.mbm.testcases.AmazonDemoTest" name="amazonTestLaptops" time="145.288"/>
  <system-out/>
</testsuite> <!-- com.mbm.testcases.AmazonDemoTest -->
