<?xml version="1.0" encoding="UTF-8"?>
<!-- Generated by org.testng.reporters.JUnitReportReporter -->
<testsuite hostname="DESKTOP-HPNOI30" failures="0" tests="3" name="com.mbm.dataprovider.DataProviderWithExcelTest" time="25.874" errors="0" timestamp="2023-08-04T02:37:19 IST" skipped="0">
  <testcase classname="com.mbm.dataprovider.DataProviderWithExcelTest" name="test2" time="10.017"/>
  <system-out/>
  <testcase classname="com.mbm.dataprovider.DataProviderWithExcelTest" name="test2" time="8.043"/>
  <system-out/>
  <testcase classname="com.mbm.dataprovider.DataProviderWithExcelTest" name="test2" time="7.814"/>
  <system-out/>
</testsuite> <!-- com.mbm.dataprovider.DataProviderWithExcelTest -->
