<?xml version="1.0" encoding="UTF-8"?>
<!-- Generated by org.testng.reporters.JUnitReportReporter -->
<testsuite hostname="DESKTOP-HPNOI30" failures="0" tests="3" name="com.mbm.dataprovider.DataDrivenTestUsingJsonTest" time="0.041" errors="0" timestamp="2023-08-04T07:04:07 IST" skipped="0">
  <testcase classname="com.mbm.dataprovider.DataDrivenTestUsingJsonTest" name="dataDrivenTestUsingjson" time="0.027"/>
  <system-out/>
  <testcase classname="com.mbm.dataprovider.DataDrivenTestUsingJsonTest" name="dataDrivenTestUsingjson" time="0.007"/>
  <system-out/>
  <testcase classname="com.mbm.dataprovider.DataDrivenTestUsingJsonTest" name="dataDrivenTestUsingjson" time="0.007"/>
  <system-out/>
</testsuite> <!-- com.mbm.dataprovider.DataDrivenTestUsingJsonTest -->
