<?xml version="1.0" encoding="UTF-8"?>
<!-- Generated by org.testng.reporters.JUnitReportReporter -->
<testsuite hostname="DESKTOP-HPNOI30" failures="0" tests="7" name="com.mbm.dataprovider.DataProviderDemo" time="0.065" errors="0" timestamp="2023-08-03T05:55:23 IST" skipped="0">
  <testcase classname="com.mbm.dataprovider.DataProviderDemo" name="test2" time="0.004"/>
  <system-out/>
  <testcase classname="com.mbm.dataprovider.DataProviderDemo" name="test2" time="0.010"/>
  <system-out/>
  <testcase classname="com.mbm.dataprovider.DataProviderDemo" name="test1" time="0.019"/>
  <system-out/>
  <testcase classname="com.mbm.dataprovider.DataProviderDemo" name="test2" time="0.011"/>
  <system-out/>
  <testcase classname="com.mbm.dataprovider.DataProviderDemo" name="test1" time="0.007"/>
  <system-out/>
  <testcase classname="com.mbm.dataprovider.DataProviderDemo" name="test2" time="0.005"/>
  <system-out/>
  <testcase classname="com.mbm.dataprovider.DataProviderDemo" name="test2" time="0.009"/>
  <system-out/>
</testsuite> <!-- com.mbm.dataprovider.DataProviderDemo -->
