<?xml version="1.0" encoding="UTF-8"?>
<!-- Generated by org.testng.reporters.JUnitReportReporter -->
<testsuite hostname="DESKTOP-HPNOI30" failures="0" tests="1" name="com.mbm.extentreport.ExtentReportsDemo" time="12.383" errors="0" timestamp="2023-08-04T11:30:01 IST" skipped="0">
  <testcase classname="com.mbm.extentreport.ExtentReportsDemo" name="generateExtentReport" time="12.383"/>
  <system-out/>
</testsuite> <!-- com.mbm.extentreport.ExtentReportsDemo -->
